<?xml version="1.0" encoding="UTF-8"?>
<testsuite xmlns:xsi="http://www.w3.org/2001/XMLSchema-instance" xsi:noNamespaceSchemaLocation="https://maven.apache.org/surefire/maven-surefire-plugin/xsd/surefire-test-report-3.0.xsd" version="3.0" name="TestRunner.Run" time="35.539" tests="2" errors="0" skipped="0" failures="0">
  <properties>
[...]
</properties>
  <testcase name="Successfull Login with Valid Credentials #1" classname="Login" time="18.01">
    <system-out><![CDATA[
Scenario: Successfull Login with Valid Credentials                                   # Features/LoginFeature.feature:3
  Given user Launch hrome browser                                                    # StepDefinitions.LoginPageSteps.user_launch_hrome_browser()
  When user Opens URL "https://stageapp.botprise.com"                                # StepDefinitions.LoginPageSteps.user_opens_url(java.lang.String)
  And User enters email as "admin@botprise.com" and password as "BotpriseTeam2021$$" # StepDefinitions.LoginPageSteps.user_enters_email_as_and_password_as(java.lang.String,java.lang.String)
  And click on login                                                                 # StepDefinitions.LoginPageSteps.click_on_login()
  Then page title should be "Botprise Staging"                                       # StepDefinitions.LoginPageSteps.page_title_should_be(java.lang.String)
  When user clicks on logout link                                                    # StepDefinitions.LoginPageSteps.user_clicks_on_logout_link()
  And Close browser                                                                  # StepDefinitions.LoginPageSteps.close_browser()
]]></system-out>
    <system-err><![CDATA[SLF4J: Failed to load class "org.slf4j.impl.StaticLoggerBinder".
SLF4J: Defaulting to no-operation (NOP) logger implementation
SLF4J: See http://www.slf4j.org/codes.html#StaticLoggerBinder for further details.
Starting ChromeDriver 108.0.5359.71 (1e0e3868ee06e91ad636a874420e3ca3ae3756ac-refs/branch-heads/5359@{#1016}) on port 48630
Only local connections are allowed.
Please see https://chromedriver.chromium.org/security-considerations for suggestions on keeping ChromeDriver safe.
ChromeDriver was started successfully.
Dec 07, 2022 1:38:11 PM org.openqa.selenium.remote.ProtocolHandshake createSession
INFO: Detected dialect: W3C
[1670400505.774][SEVERE]: Unable to receive message from renderer
]]></system-err>
  </testcase>
  <testcase name="Successfull Login with Valid Credentials #2" classname="Login" time="15.06">
    <system-out><![CDATA[
Scenario Outline: Successfull Login with Valid Credentials                           # Features/LoginFeature.feature:25
  Given user Launch hrome browser                                                    # StepDefinitions.LoginPageSteps.user_launch_hrome_browser()
  When user Opens URL "https://stageapp.botprise.com"                                # StepDefinitions.LoginPageSteps.user_opens_url(java.lang.String)
  And User enters email as "admin@botprise.com" and password as "BotpriseTeam2021$$" # StepDefinitions.LoginPageSteps.user_enters_email_as_and_password_as(java.lang.String,java.lang.String)
  And click on login                                                                 # StepDefinitions.LoginPageSteps.click_on_login()
  Then page title should be "Botprise Staging"                                       # StepDefinitions.LoginPageSteps.page_title_should_be(java.lang.String)
  When user clicks on logout link                                                    # StepDefinitions.LoginPageSteps.user_clicks_on_logout_link()
  And Close browser                                                                  # StepDefinitions.LoginPageSteps.close_browser()
]]></system-out>
    <system-err><![CDATA[Starting ChromeDriver 108.0.5359.71 (1e0e3868ee06e91ad636a874420e3ca3ae3756ac-refs/branch-heads/5359@{#1016}) on port 35619
Only local connections are allowed.
Please see https://chromedriver.chromium.org/security-considerations for suggestions on keeping ChromeDriver safe.
ChromeDriver was started successfully.
Dec 07, 2022 1:38:28 PM org.openqa.selenium.remote.ProtocolHandshake createSession
INFO: Detected dialect: W3C
]]></system-err>
  </testcase>
</testsuite>